# JRE version: Java(TM) SE Runtime Environment 18.9 (11.0.13+10) (build 11.0.13+10-LTS-370)
# Java VM: Java HotSpot(TM) 64-Bit Server VM 18.9 (11.0.13+10-LTS-370, mixed mode, tiered, compressed oops, g1 gc, windows-amd64)
Heap:
 garbage-first heap   total 262144K, used 187393K [0x00000000e0000000, 0x0000000100000000)
  region size 1024K, 16 young (16384K), 4 survivors (4096K)
 Metaspace       used 103931K, capacity 108140K, committed 112764K, reserved 483328K
  class space    used 13029K, capacity 14622K, committed 15232K, reserved 385024K
GC Heap History (10 events):
Event: 20171.130 GC heap before
{Heap before GC invocations=205 (full 0):
 garbage-first heap   total 262144K, used 211856K [0x00000000e0000000, 0x0000000100000000)
  region size 1024K, 57 young (58368K), 3 survivors (3072K)
 Metaspace       used 103892K, capacity 108123K, committed 112764K, reserved 483328K
  class space    used 13026K, capacity 14617K, committed 15232K, reserved 385024K
}
Event: 20171.133 GC heap after
{Heap after GC invocations=206 (full 0):
 garbage-first heap   total 262144K, used 159363K [0x00000000e0000000, 0x0000000100000000)
  region size 1024K, 6 young (6144K), 6 survivors (6144K)
 Metaspace       used 103892K, capacity 108123K, committed 112764K, reserved 483328K
  class space    used 13026K, capacity 14617K, committed 15232K, reserved 385024K
}
Event: 20171.134 GC heap before
{Heap before GC invocations=206 (full 0):
 garbage-first heap   total 262144K, used 164483K [0x00000000e0000000, 0x0000000100000000)
  region size 1024K, 12 young (12288K), 6 survivors (6144K)
 Metaspace       used 103892K, capacity 108123K, committed 112764K, reserved 483328K
  class space    used 13026K, capacity 14617K, committed 15232K, reserved 385024K
}
Event: 20171.138 GC heap after
{Heap after GC invocations=207 (full 0):
 garbage-first heap   total 262144K, used 158316K [0x00000000e0000000, 0x0000000100000000)
  region size 1024K, 1 young (1024K), 1 survivors (1024K)
 Metaspace       used 103892K, capacity 108123K, committed 112764K, reserved 483328K
  class space    used 13026K, capacity 14617K, committed 15232K, reserved 385024K
}
Event: 20171.328 GC heap before
{Heap before GC invocations=207 (full 0):
 garbage-first heap   total 262144K, used 214636K [0x00000000e0000000, 0x0000000100000000)
  region size 1024K, 57 young (58368K), 1 survivors (1024K)
 Metaspace       used 103893K, capacity 108123K, committed 112764K, reserved 483328K
  class space    used 13026K, capacity 14617K, committed 15232K, reserved 385024K
}
Event: 20171.333 GC heap after
{Heap after GC invocations=208 (full 0):
 garbage-first heap   total 262144K, used 167442K [0x00000000e0000000, 0x0000000100000000)
  region size 1024K, 8 young (8192K), 8 survivors (8192K)
 Metaspace       used 103893K, capacity 108123K, committed 112764K, reserved 483328K
  class space    used 13026K, capacity 14617K, committed 15232K, reserved 385024K
}
Event: 20487.184 GC heap before
{Heap before GC invocations=209 (full 0):
 garbage-first heap   total 262144K, used 216594K [0x00000000e0000000, 0x0000000100000000)
  region size 1024K, 57 young (58368K), 8 survivors (8192K)
 Metaspace       used 103930K, capacity 108140K, committed 112764K, reserved 483328K
  class space    used 13029K, capacity 14622K, committed 15232K, reserved 385024K
}
Event: 20487.190 GC heap after
{Heap after GC invocations=210 (full 0):
 garbage-first heap   total 262144K, used 173462K [0x00000000e0000000, 0x0000000100000000)
  region size 1024K, 6 young (6144K), 6 survivors (6144K)
 Metaspace       used 103930K, capacity 108140K, committed 112764K, reserved 483328K
  class space    used 13029K, capacity 14622K, committed 15232K, reserved 385024K
}
Event: 20487.292 GC heap before
{Heap before GC invocations=210 (full 0):
 garbage-first heap   total 262144K, used 217494K [0x00000000e0000000, 0x0000000100000000)
  region size 1024K, 50 young (51200K), 6 survivors (6144K)
 Metaspace       used 103931K, capacity 108140K, committed 112764K, reserved 483328K
  class space    used 13029K, capacity 14622K, committed 15232K, reserved 385024K
}
Event: 20487.298 GC heap after
{Heap after GC invocations=211 (full 0):
 garbage-first heap   total 262144K, used 176129K [0x00000000e0000000, 0x0000000100000000)
  region size 1024K, 4 young (4096K), 4 survivors (4096K)
 Metaspace       used 103931K, capacity 108140K, committed 112764K, reserved 483328K
  class space    used 13029K, capacity 14622K, committed 15232K, reserved 385024K
}

